[debug] [2023-08-07T16:37:33.579Z] ----------------------------------------------------------------------
[debug] [2023-08-07T16:37:33.581Z] Command:       C:\Program Files\nodejs\node.exe C:\Users\Makjaweli\AppData\Roaming\npm\node_modules\firebase-tools\lib\bin\firebase.js deploy
[debug] [2023-08-07T16:37:33.581Z] CLI Version:   12.4.6
[debug] [2023-08-07T16:37:33.582Z] Platform:      win32
[debug] [2023-08-07T16:37:33.582Z] Node Version:  v18.16.1
[debug] [2023-08-07T16:37:33.583Z] Time:          Mon Aug 07 2023 18:37:33 GMT+0200 (Central European Summer Time)
[debug] [2023-08-07T16:37:33.583Z] ----------------------------------------------------------------------
[debug] 
[debug] [2023-08-07T16:37:33.663Z] > command requires scopes: ["email","openid","https://www.googleapis.com/auth/cloudplatformprojects.readonly","https://www.googleapis.com/auth/firebase","https://www.googleapis.com/auth/cloud-platform"]
[debug] [2023-08-07T16:37:33.663Z] > authorizing via signed-in user (accforegister@gmail.com)
[debug] [2023-08-07T16:37:33.663Z] [iam] checking project graminator for permissions ["firebase.projects.get","firebasehosting.sites.update"]
[debug] [2023-08-07T16:37:33.665Z] > refreshing access token with scopes: []
[debug] [2023-08-07T16:37:33.667Z] >>> [apiv2][query] POST https://www.googleapis.com/oauth2/v3/token [none]
[debug] [2023-08-07T16:37:33.668Z] >>> [apiv2][body] POST https://www.googleapis.com/oauth2/v3/token [omitted]
[debug] [2023-08-07T16:37:33.845Z] <<< [apiv2][status] POST https://www.googleapis.com/oauth2/v3/token 200
[debug] [2023-08-07T16:37:33.845Z] <<< [apiv2][body] POST https://www.googleapis.com/oauth2/v3/token [omitted]
[debug] [2023-08-07T16:37:33.857Z] >>> [apiv2][query] POST https://cloudresourcemanager.googleapis.com/v1/projects/graminator:testIamPermissions [none]
[debug] [2023-08-07T16:37:33.857Z] >>> [apiv2][(partial)header] POST https://cloudresourcemanager.googleapis.com/v1/projects/graminator:testIamPermissions x-goog-quota-user=projects/graminator
[debug] [2023-08-07T16:37:33.858Z] >>> [apiv2][body] POST https://cloudresourcemanager.googleapis.com/v1/projects/graminator:testIamPermissions {"permissions":["firebase.projects.get","firebasehosting.sites.update"]}
[debug] [2023-08-07T16:37:34.673Z] <<< [apiv2][status] POST https://cloudresourcemanager.googleapis.com/v1/projects/graminator:testIamPermissions 200
[debug] [2023-08-07T16:37:34.673Z] <<< [apiv2][body] POST https://cloudresourcemanager.googleapis.com/v1/projects/graminator:testIamPermissions {"permissions":["firebase.projects.get","firebasehosting.sites.update"]}
[debug] [2023-08-07T16:37:34.674Z] >>> [apiv2][query] GET https://firebase.googleapis.com/v1beta1/projects/graminator [none]
[debug] [2023-08-07T16:37:34.985Z] <<< [apiv2][status] GET https://firebase.googleapis.com/v1beta1/projects/graminator 200
[debug] [2023-08-07T16:37:34.985Z] <<< [apiv2][body] GET https://firebase.googleapis.com/v1beta1/projects/graminator {"projectId":"graminator","projectNumber":"729954657369","displayName":"GRAMINATOR","name":"projects/graminator","resources":{"hostingSite":"graminator","realtimeDatabaseInstance":"graminator-default-rtdb","storageBucket":"graminator.appspot.com","locationId":"us-central"},"state":"ACTIVE","etag":"1_28f23746-66ff-41e7-888d-275afd65df0b"}
[debug] [2023-08-07T16:37:48.650Z] SyntaxError: Unexpected end of JSON input
    at JSON.parse (<anonymous>)
    at findDependency (C:\Users\Makjaweli\AppData\Roaming\npm\node_modules\firebase-tools\lib\frameworks\utils.js:179:23)
    at prepareFrameworks (C:\Users\Makjaweli\AppData\Roaming\npm\node_modules\firebase-tools\lib\frameworks\index.js:124:64)
    at deploy (C:\Users\Makjaweli\AppData\Roaming\npm\node_modules\firebase-tools\lib\deploy\index.js:55:54)
    at Command.actionFn (C:\Users\Makjaweli\AppData\Roaming\npm\node_modules\firebase-tools\lib\commands\deploy.js:79:32)
    at C:\Users\Makjaweli\AppData\Roaming\npm\node_modules\firebase-tools\lib\command.js:224:25
    at process.processTicksAndRejections (node:internal/process/task_queues:95:5)
[error] 
[error] Error: An unexpected error has occurred.
[debug] [2023-08-07T16:38:03.808Z] ----------------------------------------------------------------------
[debug] [2023-08-07T16:38:03.811Z] Command:       C:\Program Files\nodejs\node.exe C:\Users\Makjaweli\AppData\Roaming\npm\node_modules\firebase-tools\lib\bin\firebase.js deploy
[debug] [2023-08-07T16:38:03.811Z] CLI Version:   12.4.6
[debug] [2023-08-07T16:38:03.811Z] Platform:      win32
[debug] [2023-08-07T16:38:03.811Z] Node Version:  v18.16.1
[debug] [2023-08-07T16:38:03.812Z] Time:          Mon Aug 07 2023 18:38:03 GMT+0200 (Central European Summer Time)
[debug] [2023-08-07T16:38:03.813Z] ----------------------------------------------------------------------
[debug] 
[debug] [2023-08-07T16:38:03.893Z] > command requires scopes: ["email","openid","https://www.googleapis.com/auth/cloudplatformprojects.readonly","https://www.googleapis.com/auth/firebase","https://www.googleapis.com/auth/cloud-platform"]
[debug] [2023-08-07T16:38:03.893Z] > authorizing via signed-in user (accforegister@gmail.com)
[debug] [2023-08-07T16:38:03.893Z] [iam] checking project graminator for permissions ["firebase.projects.get","firebasehosting.sites.update"]
[debug] [2023-08-07T16:38:03.896Z] >>> [apiv2][query] POST https://cloudresourcemanager.googleapis.com/v1/projects/graminator:testIamPermissions [none]
[debug] [2023-08-07T16:38:03.896Z] >>> [apiv2][(partial)header] POST https://cloudresourcemanager.googleapis.com/v1/projects/graminator:testIamPermissions x-goog-quota-user=projects/graminator
[debug] [2023-08-07T16:38:03.897Z] >>> [apiv2][body] POST https://cloudresourcemanager.googleapis.com/v1/projects/graminator:testIamPermissions {"permissions":["firebase.projects.get","firebasehosting.sites.update"]}
[debug] [2023-08-07T16:38:04.716Z] <<< [apiv2][status] POST https://cloudresourcemanager.googleapis.com/v1/projects/graminator:testIamPermissions 200
[debug] [2023-08-07T16:38:04.716Z] <<< [apiv2][body] POST https://cloudresourcemanager.googleapis.com/v1/projects/graminator:testIamPermissions {"permissions":["firebase.projects.get","firebasehosting.sites.update"]}
[debug] [2023-08-07T16:38:04.718Z] >>> [apiv2][query] GET https://firebase.googleapis.com/v1beta1/projects/graminator [none]
[debug] [2023-08-07T16:38:08.004Z] <<< [apiv2][status] GET https://firebase.googleapis.com/v1beta1/projects/graminator 200
[debug] [2023-08-07T16:38:08.004Z] <<< [apiv2][body] GET https://firebase.googleapis.com/v1beta1/projects/graminator {"projectId":"graminator","projectNumber":"729954657369","displayName":"GRAMINATOR","name":"projects/graminator","resources":{"hostingSite":"graminator","realtimeDatabaseInstance":"graminator-default-rtdb","storageBucket":"graminator.appspot.com","locationId":"us-central"},"state":"ACTIVE","etag":"1_28f23746-66ff-41e7-888d-275afd65df0b"}
[debug] [2023-08-07T16:38:18.358Z] defaultcredentials: writing to file C:\Users\Makjaweli\AppData\Roaming\firebase\accforegister_gmail_com_application_default_credentials.json
[debug] [2023-08-07T16:38:19.046Z] >>> [apiv2][query] GET https://firebasehosting.googleapis.com/v1beta1/projects/graminator/sites pageToken=&pageSize=10
[debug] [2023-08-07T16:38:20.093Z] <<< [apiv2][status] GET https://firebasehosting.googleapis.com/v1beta1/projects/graminator/sites 200
[debug] [2023-08-07T16:38:20.093Z] <<< [apiv2][body] GET https://firebasehosting.googleapis.com/v1beta1/projects/graminator/sites {"sites":[{"name":"projects/graminator/sites/graminator","defaultUrl":"https://graminator.web.app","appId":"1:729954657369:web:c63cd4e4efcbed87693d48","type":"DEFAULT_SITE"}]}
[debug] [2023-08-07T16:38:20.094Z] >>> [apiv2][query] GET https://firebase.googleapis.com/v1beta1/projects/-/webApps/1:729954657369:web:c63cd4e4efcbed87693d48/config [none]
[debug] [2023-08-07T16:38:21.543Z] <<< [apiv2][status] GET https://firebase.googleapis.com/v1beta1/projects/-/webApps/1:729954657369:web:c63cd4e4efcbed87693d48/config 200
[debug] [2023-08-07T16:38:21.543Z] <<< [apiv2][body] GET https://firebase.googleapis.com/v1beta1/projects/-/webApps/1:729954657369:web:c63cd4e4efcbed87693d48/config {"projectId":"graminator","appId":"1:729954657369:web:c63cd4e4efcbed87693d48","databaseURL":"https://graminator-default-rtdb.firebaseio.com","storageBucket":"graminator.appspot.com","locationId":"us-central","apiKey":"AIzaSyBoqLrKGVKefBJoFyf_D8Ayl_IQ6SBahJI","authDomain":"graminator.firebaseapp.com","messagingSenderId":"729954657369","measurementId":"G-ZFZ6EK7BHJ"}
[info] 
   Thank you for trying our early preview of Next.js support on Firebase Hosting.
   During the preview, support is best-effort and breaking changes can be expected. Proceed with caution.

   Documentation: https://firebase.google.com/docs/hosting/frameworks/nextjs
   File a bug: https://github.com/firebase/firebase-tools/issues/new?template=bug_report.md
   Submit a feature request: https://github.com/firebase/firebase-tools/issues/new?template=feature_request.md

   We'd love to learn from you. Express your interest in helping us shape the future of Firebase Hosting: https://goo.gle/41enW5X

[info] - info Loaded env from C:\Users\Makjaweli\Documents\GitHub\GRAMINATOR\.env

[info] - warn Invalid next.config.js options detected: 

[info] - warn     The root value has an unexpected property, webpackDevMiddleware, which is not in the list of allowed properties (amp, analyticsId, assetPrefix, basePath, cleanDistDir, compiler, compress, configOrigin, crossOrigin, devIndicators, distDir, env, eslint, excludeDefaultMomentLocales, experimental, exportPathMap, generateBuildId, generateEtags, headers, httpAgentOptions, i18n, images, modularizeImports, onDemandEntries, optimizeFonts, output, outputFileTracing, pageExtensions, poweredByHeader, productionBrowserSourceMaps, publicRuntimeConfig, reactStrictMode, redirects, rewrites, sassOptions, serverRuntimeConfig, skipMiddlewareUrlNormalize, skipTrailingSlashRedirect, staticPageGenerationTimeout, swcMinify, target, trailingSlash, transpilePackages, typescript, useFileSystemPublicRoutes, webpack).
- warn See more info here: https://nextjs.org/docs/messages/invalid-next-config

[info] - info Creating an optimized production build...

[info] - info Disabled SWC as replacement for Babel because of custom Babel configuration ".babelrc" https://nextjs.org/docs/messages/swc-disabled

[info] uncaughtException [Error: EPERM: operation not permitted, open 'C:\Users\Makjaweli\Documents\GitHub\GRAMINATOR\.next\trace'] {
  errno: -4048,
  code: 'EPERM',
  syscall: 'open',
  path: 'C:\\Users\\Makjaweli\\Documents\\GitHub\\GRAMINATOR\\.next\\trace'
}

[debug] [2023-08-07T16:38:54.193Z] Error: ENOENT: no such file or directory, open 'C:\Users\Makjaweli\Documents\GitHub\GRAMINATOR\.next\export-marker.json'
[error] 
[error] Error: An unexpected error has occurred.
[debug] [2023-08-07T16:39:18.133Z] ----------------------------------------------------------------------
[debug] [2023-08-07T16:39:18.135Z] Command:       C:\Program Files\nodejs\node.exe C:\Users\Makjaweli\AppData\Roaming\npm\node_modules\firebase-tools\lib\bin\firebase.js deploy
[debug] [2023-08-07T16:39:18.135Z] CLI Version:   12.4.6
[debug] [2023-08-07T16:39:18.135Z] Platform:      win32
[debug] [2023-08-07T16:39:18.136Z] Node Version:  v18.16.1
[debug] [2023-08-07T16:39:18.137Z] Time:          Mon Aug 07 2023 18:39:18 GMT+0200 (Central European Summer Time)
[debug] [2023-08-07T16:39:18.137Z] ----------------------------------------------------------------------
[debug] 
[debug] [2023-08-07T16:39:18.217Z] > command requires scopes: ["email","openid","https://www.googleapis.com/auth/cloudplatformprojects.readonly","https://www.googleapis.com/auth/firebase","https://www.googleapis.com/auth/cloud-platform"]
[debug] [2023-08-07T16:39:18.218Z] > authorizing via signed-in user (accforegister@gmail.com)
[debug] [2023-08-07T16:39:18.218Z] [iam] checking project graminator for permissions ["firebase.projects.get","firebasehosting.sites.update"]
[debug] [2023-08-07T16:39:18.220Z] >>> [apiv2][query] POST https://cloudresourcemanager.googleapis.com/v1/projects/graminator:testIamPermissions [none]
[debug] [2023-08-07T16:39:18.221Z] >>> [apiv2][(partial)header] POST https://cloudresourcemanager.googleapis.com/v1/projects/graminator:testIamPermissions x-goog-quota-user=projects/graminator
[debug] [2023-08-07T16:39:18.221Z] >>> [apiv2][body] POST https://cloudresourcemanager.googleapis.com/v1/projects/graminator:testIamPermissions {"permissions":["firebase.projects.get","firebasehosting.sites.update"]}
[debug] [2023-08-07T16:39:19.072Z] <<< [apiv2][status] POST https://cloudresourcemanager.googleapis.com/v1/projects/graminator:testIamPermissions 200
[debug] [2023-08-07T16:39:19.072Z] <<< [apiv2][body] POST https://cloudresourcemanager.googleapis.com/v1/projects/graminator:testIamPermissions {"permissions":["firebase.projects.get","firebasehosting.sites.update"]}
[debug] [2023-08-07T16:39:19.073Z] >>> [apiv2][query] GET https://firebase.googleapis.com/v1beta1/projects/graminator [none]
[debug] [2023-08-07T16:39:19.407Z] <<< [apiv2][status] GET https://firebase.googleapis.com/v1beta1/projects/graminator 200
[debug] [2023-08-07T16:39:19.407Z] <<< [apiv2][body] GET https://firebase.googleapis.com/v1beta1/projects/graminator {"projectId":"graminator","projectNumber":"729954657369","displayName":"GRAMINATOR","name":"projects/graminator","resources":{"hostingSite":"graminator","realtimeDatabaseInstance":"graminator-default-rtdb","storageBucket":"graminator.appspot.com","locationId":"us-central"},"state":"ACTIVE","etag":"1_440b1b03-b5f4-4b7b-8fd8-2c50f6b9f35b"}
[debug] [2023-08-07T16:39:28.508Z] defaultcredentials: writing to file C:\Users\Makjaweli\AppData\Roaming\firebase\accforegister_gmail_com_application_default_credentials.json
[debug] [2023-08-07T16:39:28.513Z] >>> [apiv2][query] GET https://firebasehosting.googleapis.com/v1beta1/projects/graminator/sites pageToken=&pageSize=10
[debug] [2023-08-07T16:39:29.537Z] <<< [apiv2][status] GET https://firebasehosting.googleapis.com/v1beta1/projects/graminator/sites 200
[debug] [2023-08-07T16:39:29.538Z] <<< [apiv2][body] GET https://firebasehosting.googleapis.com/v1beta1/projects/graminator/sites {"sites":[{"name":"projects/graminator/sites/graminator","defaultUrl":"https://graminator.web.app","appId":"1:729954657369:web:c63cd4e4efcbed87693d48","type":"DEFAULT_SITE"}]}
[debug] [2023-08-07T16:39:29.538Z] >>> [apiv2][query] GET https://firebase.googleapis.com/v1beta1/projects/-/webApps/1:729954657369:web:c63cd4e4efcbed87693d48/config [none]
[debug] [2023-08-07T16:39:30.455Z] <<< [apiv2][status] GET https://firebase.googleapis.com/v1beta1/projects/-/webApps/1:729954657369:web:c63cd4e4efcbed87693d48/config 200
[debug] [2023-08-07T16:39:30.456Z] <<< [apiv2][body] GET https://firebase.googleapis.com/v1beta1/projects/-/webApps/1:729954657369:web:c63cd4e4efcbed87693d48/config {"projectId":"graminator","appId":"1:729954657369:web:c63cd4e4efcbed87693d48","databaseURL":"https://graminator-default-rtdb.firebaseio.com","storageBucket":"graminator.appspot.com","locationId":"us-central","apiKey":"AIzaSyBoqLrKGVKefBJoFyf_D8Ayl_IQ6SBahJI","authDomain":"graminator.firebaseapp.com","messagingSenderId":"729954657369","measurementId":"G-ZFZ6EK7BHJ"}
[info] 
   Thank you for trying our early preview of Next.js support on Firebase Hosting.
   During the preview, support is best-effort and breaking changes can be expected. Proceed with caution.

   Documentation: https://firebase.google.com/docs/hosting/frameworks/nextjs
   File a bug: https://github.com/firebase/firebase-tools/issues/new?template=bug_report.md
   Submit a feature request: https://github.com/firebase/firebase-tools/issues/new?template=feature_request.md

   We'd love to learn from you. Express your interest in helping us shape the future of Firebase Hosting: https://goo.gle/41enW5X

[info] - info Loaded env from C:\Users\Makjaweli\Documents\GitHub\GRAMINATOR\.env

[info] - warn Invalid next.config.js options detected: 

[info] - warn     The root value has an unexpected property, webpackDevMiddleware, which is not in the list of allowed properties (amp, analyticsId, assetPrefix, basePath, cleanDistDir, compiler, compress, configOrigin, crossOrigin, devIndicators, distDir, env, eslint, excludeDefaultMomentLocales, experimental, exportPathMap, generateBuildId, generateEtags, headers, httpAgentOptions, i18n, images, modularizeImports, onDemandEntries, optimizeFonts, output, outputFileTracing, pageExtensions, poweredByHeader, productionBrowserSourceMaps, publicRuntimeConfig, reactStrictMode, redirects, rewrites, sassOptions, serverRuntimeConfig, skipMiddlewareUrlNormalize, skipTrailingSlashRedirect, staticPageGenerationTimeout, swcMinify, target, trailingSlash, transpilePackages, typescript, useFileSystemPublicRoutes, webpack).
- warn See more info here: https://nextjs.org/docs/messages/invalid-next-config

[info] - info Creating an optimized production build...

[debug] [2023-08-07T17:04:09.902Z] ----------------------------------------------------------------------
[debug] [2023-08-07T17:04:09.905Z] Command:       C:\Program Files\nodejs\node.exe C:\Users\Makjaweli\AppData\Roaming\npm\node_modules\firebase-tools\lib\bin\firebase.js deploy
[debug] [2023-08-07T17:04:09.905Z] CLI Version:   12.4.6
[debug] [2023-08-07T17:04:09.906Z] Platform:      win32
[debug] [2023-08-07T17:04:09.906Z] Node Version:  v18.16.1
[debug] [2023-08-07T17:04:09.908Z] Time:          Mon Aug 07 2023 19:04:09 GMT+0200 (Central European Summer Time)
[debug] [2023-08-07T17:04:09.908Z] ----------------------------------------------------------------------
[debug] 
[debug] [2023-08-07T17:04:09.996Z] > command requires scopes: ["email","openid","https://www.googleapis.com/auth/cloudplatformprojects.readonly","https://www.googleapis.com/auth/firebase","https://www.googleapis.com/auth/cloud-platform"]
[debug] [2023-08-07T17:04:09.997Z] > authorizing via signed-in user (accforegister@gmail.com)
[debug] [2023-08-07T17:04:09.997Z] [iam] checking project graminator for permissions ["firebase.projects.get","firebasehosting.sites.update"]
[debug] [2023-08-07T17:04:10.000Z] >>> [apiv2][query] POST https://cloudresourcemanager.googleapis.com/v1/projects/graminator:testIamPermissions [none]
[debug] [2023-08-07T17:04:10.000Z] >>> [apiv2][(partial)header] POST https://cloudresourcemanager.googleapis.com/v1/projects/graminator:testIamPermissions x-goog-quota-user=projects/graminator
[debug] [2023-08-07T17:04:10.000Z] >>> [apiv2][body] POST https://cloudresourcemanager.googleapis.com/v1/projects/graminator:testIamPermissions {"permissions":["firebase.projects.get","firebasehosting.sites.update"]}
[debug] [2023-08-07T17:04:10.867Z] <<< [apiv2][status] POST https://cloudresourcemanager.googleapis.com/v1/projects/graminator:testIamPermissions 200
[debug] [2023-08-07T17:04:10.868Z] <<< [apiv2][body] POST https://cloudresourcemanager.googleapis.com/v1/projects/graminator:testIamPermissions {"permissions":["firebase.projects.get","firebasehosting.sites.update"]}
[debug] [2023-08-07T17:04:10.869Z] >>> [apiv2][query] GET https://firebase.googleapis.com/v1beta1/projects/graminator [none]
[debug] [2023-08-07T17:04:11.511Z] <<< [apiv2][status] GET https://firebase.googleapis.com/v1beta1/projects/graminator 200
[debug] [2023-08-07T17:04:11.511Z] <<< [apiv2][body] GET https://firebase.googleapis.com/v1beta1/projects/graminator {"projectId":"graminator","projectNumber":"729954657369","displayName":"GRAMINATOR","name":"projects/graminator","resources":{"hostingSite":"graminator","realtimeDatabaseInstance":"graminator-default-rtdb","storageBucket":"graminator.appspot.com","locationId":"us-central"},"state":"ACTIVE","etag":"1_abdd56c5-f201-4c72-a3be-4dee9921f263"}
[debug] [2023-08-07T17:04:20.924Z] defaultcredentials: writing to file C:\Users\Makjaweli\AppData\Roaming\firebase\accforegister_gmail_com_application_default_credentials.json
[debug] [2023-08-07T17:04:20.929Z] >>> [apiv2][query] GET https://firebasehosting.googleapis.com/v1beta1/projects/graminator/sites pageToken=&pageSize=10
[debug] [2023-08-07T17:04:21.949Z] <<< [apiv2][status] GET https://firebasehosting.googleapis.com/v1beta1/projects/graminator/sites 200
[debug] [2023-08-07T17:04:21.949Z] <<< [apiv2][body] GET https://firebasehosting.googleapis.com/v1beta1/projects/graminator/sites {"sites":[{"name":"projects/graminator/sites/graminator","defaultUrl":"https://graminator.web.app","appId":"1:729954657369:web:c63cd4e4efcbed87693d48","type":"DEFAULT_SITE"}]}
[debug] [2023-08-07T17:04:21.950Z] >>> [apiv2][query] GET https://firebase.googleapis.com/v1beta1/projects/-/webApps/1:729954657369:web:c63cd4e4efcbed87693d48/config [none]
[debug] [2023-08-07T17:04:22.900Z] <<< [apiv2][status] GET https://firebase.googleapis.com/v1beta1/projects/-/webApps/1:729954657369:web:c63cd4e4efcbed87693d48/config 200
[debug] [2023-08-07T17:04:22.900Z] <<< [apiv2][body] GET https://firebase.googleapis.com/v1beta1/projects/-/webApps/1:729954657369:web:c63cd4e4efcbed87693d48/config {"projectId":"graminator","appId":"1:729954657369:web:c63cd4e4efcbed87693d48","databaseURL":"https://graminator-default-rtdb.firebaseio.com","storageBucket":"graminator.appspot.com","locationId":"us-central","apiKey":"AIzaSyBoqLrKGVKefBJoFyf_D8Ayl_IQ6SBahJI","authDomain":"graminator.firebaseapp.com","messagingSenderId":"729954657369","measurementId":"G-ZFZ6EK7BHJ"}
[info] 
   Thank you for trying our early preview of Next.js support on Firebase Hosting.
   During the preview, support is best-effort and breaking changes can be expected. Proceed with caution.

   Documentation: https://firebase.google.com/docs/hosting/frameworks/nextjs
   File a bug: https://github.com/firebase/firebase-tools/issues/new?template=bug_report.md
   Submit a feature request: https://github.com/firebase/firebase-tools/issues/new?template=feature_request.md

   We'd love to learn from you. Express your interest in helping us shape the future of Firebase Hosting: https://goo.gle/41enW5X

[info] - info Loaded env from C:\Users\Makjaweli\Documents\GitHub\GRAMINATOR\.env

[info] - warn Invalid next.config.js options detected: 

[info] - warn     The root value has an unexpected property, webpackDevMiddleware, which is not in the list of allowed properties (amp, analyticsId, assetPrefix, basePath, cleanDistDir, compiler, compress, configOrigin, crossOrigin, devIndicators, distDir, env, eslint, excludeDefaultMomentLocales, experimental, exportPathMap, generateBuildId, generateEtags, headers, httpAgentOptions, i18n, images, modularizeImports, onDemandEntries, optimizeFonts, output, outputFileTracing, pageExtensions, poweredByHeader, productionBrowserSourceMaps, publicRuntimeConfig, reactStrictMode, redirects, rewrites, sassOptions, serverRuntimeConfig, skipMiddlewareUrlNormalize, skipTrailingSlashRedirect, staticPageGenerationTimeout, swcMinify, target, trailingSlash, transpilePackages, typescript, useFileSystemPublicRoutes, webpack).
- warn See more info here: https://nextjs.org/docs/messages/invalid-next-config

[info] - info Creating an optimized production build...

[info] - info Disabled SWC as replacement for Babel because of custom Babel configuration ".babelrc" https://nextjs.org/docs/messages/swc-disabled

[info] - info Using external babel configuration from C:\Users\Makjaweli\Documents\GitHub\GRAMINATOR\.babelrc

[info] uncaughtException [Error: EPERM: operation not permitted, open 'C:\Users\Makjaweli\Documents\GitHub\GRAMINATOR\.next\trace'] {
  errno: -4048,
  code: 'EPERM',
  syscall: 'open',
  path: 'C:\\Users\\Makjaweli\\Documents\\GitHub\\GRAMINATOR\\.next\\trace'
}

[debug] [2023-08-07T17:04:59.498Z] Error: ENOENT: no such file or directory, open 'C:\Users\Makjaweli\Documents\GitHub\GRAMINATOR\.next\export-marker.json'
[error] 
[error] Error: An unexpected error has occurred.
